info: Default markets or items already exist, skipping creation. {"timestamp":"2025-04-23T10:23:26.949Z"}
info: Default locations already exist, skipping creation. {"timestamp":"2025-04-23T10:23:26.953Z"}
info: Server is running on http://localhost:7000 {"timestamp":"2025-04-23T10:23:26.956Z"}
info: Swagger UI is available at http://localhost:7000/api-docs {"timestamp":"2025-04-23T10:23:26.957Z"}
info: Default markets or items already exist, skipping creation. {"timestamp":"2025-04-23T10:24:01.833Z"}
info: Default locations already exist, skipping creation. {"timestamp":"2025-04-23T10:24:01.838Z"}
info: Server is running on http://localhost:7000 {"timestamp":"2025-04-23T10:24:01.841Z"}
info: Swagger UI is available at http://localhost:7000/api-docs {"timestamp":"2025-04-23T10:24:01.842Z"}
info: Default markets or items already exist, skipping creation. {"timestamp":"2025-04-24T05:36:12.362Z"}
info: Default locations already exist, skipping creation. {"timestamp":"2025-04-24T05:36:12.366Z"}
info: Server is running on http://localhost:7000 {"timestamp":"2025-04-24T05:36:12.370Z"}
info: Swagger UI is available at http://localhost:7000/api-docs {"timestamp":"2025-04-24T05:36:12.371Z"}
info: Token Status:  {"timestamp":"2025-04-24T06:07:22.031Z"}
info: Token Status:  {"timestamp":"2025-04-24T06:07:30.163Z"}
info: Token Status:  {"timestamp":"2025-04-24T06:07:30.419Z"}
info: Token Status:  {"timestamp":"2025-04-24T06:07:31.357Z"}
info: Token Status:  {"timestamp":"2025-04-24T06:07:34.996Z"}
info: Token Status:  {"timestamp":"2025-04-24T06:07:35.092Z"}
info: Token Status:  {"timestamp":"2025-04-24T06:07:37.528Z"}
info: Token Status:  {"timestamp":"2025-04-24T06:07:43.357Z"}
info: Token Status:  {"timestamp":"2025-04-24T06:07:43.462Z"}
info: Token Status:  {"timestamp":"2025-04-24T06:07:45.889Z"}
info: Token Status:  {"timestamp":"2025-04-24T06:08:05.428Z"}
info: Token Status:  {"timestamp":"2025-04-24T06:08:05.527Z"}
info: Token Status:  {"timestamp":"2025-04-24T06:08:14.641Z"}
info: Token Status:  {"timestamp":"2025-04-24T06:09:31.253Z"}
info: Token Status:  {"timestamp":"2025-04-24T06:09:31.355Z"}
info: Token Status:  {"timestamp":"2025-04-24T06:09:31.452Z"}
info: Token Status:  {"timestamp":"2025-04-24T06:09:36.238Z"}
info: Token Status:  {"timestamp":"2025-04-24T06:10:12.346Z"}
info: Token Status:  {"timestamp":"2025-04-24T06:10:12.442Z"}
info: Token Status:  {"timestamp":"2025-04-24T06:10:12.552Z"}
info: Token Status:  {"timestamp":"2025-04-24T06:12:46.460Z"}
info: Token Status:  {"timestamp":"2025-04-24T06:12:46.559Z"}
info: Token Status:  {"timestamp":"2025-04-24T06:12:46.653Z"}
info: Token Status:  {"timestamp":"2025-04-24T06:13:43.810Z"}
info: Token Status:  {"timestamp":"2025-04-24T06:13:43.907Z"}
info: Token Status:  {"timestamp":"2025-04-24T06:13:44.005Z"}
info: Token Status:  {"timestamp":"2025-04-24T06:14:08.745Z"}
info: Token Status:  {"timestamp":"2025-04-24T06:14:11.976Z"}
info: Token Status:  {"timestamp":"2025-04-24T06:14:13.790Z"}
info: Token Status:  {"timestamp":"2025-04-24T06:14:18.174Z"}
info: Token Status:  {"timestamp":"2025-04-24T06:14:18.221Z"}
info: Token Status:  {"timestamp":"2025-04-24T06:14:18.268Z"}
info: Token Status:  {"timestamp":"2025-04-24T06:14:20.156Z"}
info: Token Status:  {"timestamp":"2025-04-24T06:14:28.870Z"}
info: Token Status:  {"timestamp":"2025-04-24T06:14:31.037Z"}
info: Token Status:  {"timestamp":"2025-04-24T06:14:32.996Z"}
info: Token Status:  {"timestamp":"2025-04-24T06:14:57.541Z"}
info: Token Status:  {"timestamp":"2025-04-24T06:15:01.333Z"}
info: Token Status:  {"timestamp":"2025-04-24T06:17:55.085Z"}
info: Token Status:  {"timestamp":"2025-04-24T06:32:53.879Z"}
info: Token Status:  {"timestamp":"2025-04-24T06:44:56.621Z"}
info: Token Status:  {"timestamp":"2025-04-24T06:49:50.694Z"}
info: Token Status:  {"timestamp":"2025-04-24T06:49:54.641Z"}
info: Token Status:  {"timestamp":"2025-04-24T06:50:38.251Z"}
info: Token Status:  {"timestamp":"2025-04-24T06:52:49.954Z"}
info: Token Status:  {"timestamp":"2025-04-24T06:52:50.054Z"}
info: Token Status:  {"timestamp":"2025-04-24T06:52:50.156Z"}
info: Token Status:  {"timestamp":"2025-04-24T06:52:53.912Z"}
info: Token Status:  {"timestamp":"2025-04-24T06:53:00.194Z"}
info: Token Status:  {"timestamp":"2025-04-24T06:53:02.982Z"}
info: Token Status:  {"timestamp":"2025-04-24T06:54:24.912Z"}
info: Token Status:  {"timestamp":"2025-04-24T06:54:36.372Z"}
info: Token Status:  {"timestamp":"2025-04-24T06:55:58.342Z"}
info: Token Status:  {"timestamp":"2025-04-24T06:55:58.442Z"}
info: Token Status:  {"timestamp":"2025-04-24T06:55:58.543Z"}
info: Token Status:  {"timestamp":"2025-04-24T06:56:01.096Z"}
info: Token Status:  {"timestamp":"2025-04-24T06:56:09.850Z"}
info: Default markets or items already exist, skipping creation. {"timestamp":"2025-04-24T06:59:46.060Z"}
info: Default locations already exist, skipping creation. {"timestamp":"2025-04-24T06:59:46.069Z"}
info: Server is running on http://localhost:7000 {"timestamp":"2025-04-24T06:59:46.076Z"}
info: Swagger UI is available at http://localhost:7000/api-docs {"timestamp":"2025-04-24T06:59:46.077Z"}
info: Token Status:  {"timestamp":"2025-04-24T07:00:12.437Z"}
info: Token Status:  {"timestamp":"2025-04-24T07:00:15.695Z"}
info: Token Status:  {"timestamp":"2025-04-24T07:00:15.794Z"}
info: Token Status:  {"timestamp":"2025-04-24T07:00:15.908Z"}
info: Token Status:  {"timestamp":"2025-04-24T07:00:18.764Z"}
info: Default markets or items already exist, skipping creation. {"timestamp":"2025-04-24T07:00:55.767Z"}
info: Default locations already exist, skipping creation. {"timestamp":"2025-04-24T07:00:55.771Z"}
info: Server is running on http://localhost:7000 {"timestamp":"2025-04-24T07:00:55.774Z"}
info: Swagger UI is available at http://localhost:7000/api-docs {"timestamp":"2025-04-24T07:00:55.775Z"}
info: Default markets or items already exist, skipping creation. {"timestamp":"2025-04-24T07:04:51.390Z"}
info: Default locations already exist, skipping creation. {"timestamp":"2025-04-24T07:04:51.394Z"}
info: Server is running on http://localhost:7000 {"timestamp":"2025-04-24T07:04:51.397Z"}
info: Swagger UI is available at http://localhost:7000/api-docs {"timestamp":"2025-04-24T07:04:51.397Z"}
info: Token Status:  {"timestamp":"2025-04-24T07:08:56.267Z"}
info: Token Status:  {"timestamp":"2025-04-24T07:08:56.504Z"}
info: Token Status:  {"timestamp":"2025-04-24T07:08:56.674Z"}
info: Token Status:  {"timestamp":"2025-04-24T07:09:01.238Z"}
info: Token Status:  {"timestamp":"2025-04-24T07:09:31.868Z"}
info: Token Status:  {"timestamp":"2025-04-24T07:09:33.860Z"}
info: Default markets or items already exist, skipping creation. {"timestamp":"2025-04-24T07:12:45.956Z"}
info: Default locations already exist, skipping creation. {"timestamp":"2025-04-24T07:12:45.960Z"}
info: Server is running on http://localhost:7000 {"timestamp":"2025-04-24T07:12:45.964Z"}
info: Swagger UI is available at http://localhost:7000/api-docs {"timestamp":"2025-04-24T07:12:45.964Z"}
info: Default markets or items already exist, skipping creation. {"timestamp":"2025-04-24T07:13:01.701Z"}
info: Default locations already exist, skipping creation. {"timestamp":"2025-04-24T07:13:01.704Z"}
info: Server is running on http://localhost:7000 {"timestamp":"2025-04-24T07:13:01.707Z"}
info: Swagger UI is available at http://localhost:7000/api-docs {"timestamp":"2025-04-24T07:13:01.707Z"}
info: Default markets or items already exist, skipping creation. {"timestamp":"2025-04-24T07:13:11.644Z"}
info: Default locations already exist, skipping creation. {"timestamp":"2025-04-24T07:13:11.648Z"}
info: Server is running on http://localhost:7000 {"timestamp":"2025-04-24T07:13:11.651Z"}
info: Swagger UI is available at http://localhost:7000/api-docs {"timestamp":"2025-04-24T07:13:11.651Z"}
info: Token Status:  {"timestamp":"2025-04-24T07:15:23.755Z"}
info: Token Status:  {"timestamp":"2025-04-24T07:15:26.795Z"}
info: Token Status:  {"timestamp":"2025-04-24T07:15:26.877Z"}
info: Token Status:  {"timestamp":"2025-04-24T07:15:27.032Z"}
info: Token Status:  {"timestamp":"2025-04-24T07:30:54.797Z"}
info: Token Status:  {"timestamp":"2025-04-24T07:30:55.053Z"}
info: Token Status:  {"timestamp":"2025-04-24T07:30:55.265Z"}
info: Default markets or items already exist, skipping creation. {"timestamp":"2025-04-24T07:31:06.586Z"}
info: Default locations already exist, skipping creation. {"timestamp":"2025-04-24T07:31:06.591Z"}
info: Server is running on http://localhost:7000 {"timestamp":"2025-04-24T07:31:06.594Z"}
info: Swagger UI is available at http://localhost:7000/api-docs {"timestamp":"2025-04-24T07:31:06.594Z"}
info: Token Status:  {"timestamp":"2025-04-24T07:31:17.019Z"}
info: Token Status:  {"timestamp":"2025-04-24T07:31:17.283Z"}
info: Token Status:  {"timestamp":"2025-04-24T07:31:17.469Z"}
info: Default markets or items already exist, skipping creation. {"timestamp":"2025-04-24T07:32:02.042Z"}
info: Default locations already exist, skipping creation. {"timestamp":"2025-04-24T07:32:02.046Z"}
info: Server is running on http://localhost:7000 {"timestamp":"2025-04-24T07:32:02.049Z"}
info: Swagger UI is available at http://localhost:7000/api-docs {"timestamp":"2025-04-24T07:32:02.049Z"}
info: Token Status:  {"timestamp":"2025-04-24T07:32:04.930Z"}
info: Token Status:  {"timestamp":"2025-04-24T07:32:05.222Z"}
info: Token Status:  {"timestamp":"2025-04-24T07:32:05.316Z"}
info: Default markets or items already exist, skipping creation. {"timestamp":"2025-04-24T07:32:34.721Z"}
info: Default locations already exist, skipping creation. {"timestamp":"2025-04-24T07:32:34.727Z"}
info: Server is running on http://localhost:7000 {"timestamp":"2025-04-24T07:32:34.731Z"}
info: Swagger UI is available at http://localhost:7000/api-docs {"timestamp":"2025-04-24T07:32:34.731Z"}
info: Token Status:  {"timestamp":"2025-04-24T07:32:38.593Z"}
info: Token Status:  {"timestamp":"2025-04-24T07:32:38.821Z"}
info: Token Status:  {"timestamp":"2025-04-24T07:32:38.921Z"}
info: Default markets or items already exist, skipping creation. {"timestamp":"2025-04-24T07:37:15.856Z"}
info: Default locations already exist, skipping creation. {"timestamp":"2025-04-24T07:37:15.860Z"}
info: Server is running on http://localhost:7000 {"timestamp":"2025-04-24T07:37:15.863Z"}
info: Swagger UI is available at http://localhost:7000/api-docs {"timestamp":"2025-04-24T07:37:15.864Z"}
info: Default markets or items already exist, skipping creation. {"timestamp":"2025-04-24T07:37:19.459Z"}
info: Default locations already exist, skipping creation. {"timestamp":"2025-04-24T07:37:19.465Z"}
info: Server is running on http://localhost:7000 {"timestamp":"2025-04-24T07:37:19.469Z"}
info: Swagger UI is available at http://localhost:7000/api-docs {"timestamp":"2025-04-24T07:37:19.469Z"}
info: Token Status:  {"timestamp":"2025-04-24T07:38:30.377Z"}
info: Token Status:  {"timestamp":"2025-04-24T07:38:30.615Z"}
info: Token Status:  {"timestamp":"2025-04-24T07:38:30.828Z"}
info: Default markets or items already exist, skipping creation. {"timestamp":"2025-04-24T07:38:59.204Z"}
info: Default locations already exist, skipping creation. {"timestamp":"2025-04-24T07:38:59.208Z"}
info: Server is running on http://localhost:7000 {"timestamp":"2025-04-24T07:38:59.211Z"}
info: Swagger UI is available at http://localhost:7000/api-docs {"timestamp":"2025-04-24T07:38:59.211Z"}
info: Token Status:  {"timestamp":"2025-04-24T07:39:42.483Z"}
info: Token Status:  {"timestamp":"2025-04-24T07:40:01.399Z"}
info: Token Status:  {"timestamp":"2025-04-24T07:40:03.236Z"}
info: Token Status:  {"timestamp":"2025-04-24T07:40:05.529Z"}
info: Token Status:  {"timestamp":"2025-04-24T07:40:33.631Z"}
info: Token Status:  {"timestamp":"2025-04-24T07:40:33.744Z"}
info: Token Status:  {"timestamp":"2025-04-24T07:40:33.856Z"}
info: Default markets or items already exist, skipping creation. {"timestamp":"2025-04-24T07:40:58.015Z"}
info: Default locations already exist, skipping creation. {"timestamp":"2025-04-24T07:40:58.022Z"}
info: Server is running on http://localhost:7000 {"timestamp":"2025-04-24T07:40:58.025Z"}
info: Swagger UI is available at http://localhost:7000/api-docs {"timestamp":"2025-04-24T07:40:58.026Z"}
info: Token Status:  {"timestamp":"2025-04-24T07:41:07.185Z"}
info: Token Status:  {"timestamp":"2025-04-24T07:41:40.028Z"}
info: Default markets or items already exist, skipping creation. {"timestamp":"2025-04-24T07:44:12.140Z"}
info: Default locations already exist, skipping creation. {"timestamp":"2025-04-24T07:44:12.143Z"}
info: Server is running on http://localhost:7000 {"timestamp":"2025-04-24T07:44:12.146Z"}
info: Swagger UI is available at http://localhost:7000/api-docs {"timestamp":"2025-04-24T07:44:12.146Z"}
info: Default markets or items already exist, skipping creation. {"timestamp":"2025-04-24T07:44:33.883Z"}
info: Default locations already exist, skipping creation. {"timestamp":"2025-04-24T07:44:33.889Z"}
info: Server is running on http://localhost:7000 {"timestamp":"2025-04-24T07:44:33.893Z"}
info: Swagger UI is available at http://localhost:7000/api-docs {"timestamp":"2025-04-24T07:44:33.894Z"}
info: Token Status:  {"timestamp":"2025-04-24T07:45:01.769Z"}
info: Token Status:  {"timestamp":"2025-04-24T07:45:04.444Z"}
info: Token Status:  {"timestamp":"2025-04-24T07:45:04.617Z"}
info: Token Status:  {"timestamp":"2025-04-24T07:45:07.457Z"}
info: Token Status:  {"timestamp":"2025-04-24T07:45:10.507Z"}
info: Token Status:  {"timestamp":"2025-04-24T07:45:10.636Z"}
info: Token Status:  {"timestamp":"2025-04-24T07:45:10.741Z"}
info: Token Status:  {"timestamp":"2025-04-24T07:45:31.964Z"}
info: Token Status:  {"timestamp":"2025-04-24T07:45:32.162Z"}
info: Token Status:  {"timestamp":"2025-04-24T07:45:32.246Z"}
info: Default markets or items already exist, skipping creation. {"timestamp":"2025-04-24T07:53:35.575Z"}
info: Default locations already exist, skipping creation. {"timestamp":"2025-04-24T07:53:35.579Z"}
info: Server is running on http://localhost:7000 {"timestamp":"2025-04-24T07:53:35.582Z"}
info: Swagger UI is available at http://localhost:7000/api-docs {"timestamp":"2025-04-24T07:53:35.582Z"}
info: Token Status:  {"timestamp":"2025-04-24T07:53:40.916Z"}
info: Token Status:  {"timestamp":"2025-04-24T07:53:40.997Z"}
info: Token Status:  {"timestamp":"2025-04-24T07:53:41.080Z"}
info: Default markets or items already exist, skipping creation. {"timestamp":"2025-04-24T08:01:05.225Z"}
info: Default locations already exist, skipping creation. {"timestamp":"2025-04-24T08:01:05.228Z"}
info: Server is running on http://localhost:7000 {"timestamp":"2025-04-24T08:01:05.231Z"}
info: Swagger UI is available at http://localhost:7000/api-docs {"timestamp":"2025-04-24T08:01:05.232Z"}
info: Default markets or items already exist, skipping creation. {"timestamp":"2025-04-24T08:01:20.074Z"}
info: Default locations already exist, skipping creation. {"timestamp":"2025-04-24T08:01:20.078Z"}
info: Server is running on http://localhost:7000 {"timestamp":"2025-04-24T08:01:20.081Z"}
info: Swagger UI is available at http://localhost:7000/api-docs {"timestamp":"2025-04-24T08:01:20.082Z"}
info: Token Status:  {"timestamp":"2025-04-24T08:01:41.260Z"}
info: Token Status:  {"timestamp":"2025-04-24T08:01:41.419Z"}
info: Token Status:  {"timestamp":"2025-04-24T08:01:41.505Z"}
info: Token Status:  {"timestamp":"2025-04-24T08:01:46.061Z"}
info: Token Status:  {"timestamp":"2025-04-24T08:01:48.616Z"}
info: Token Status:  {"timestamp":"2025-04-24T08:01:48.690Z"}
info: Token Status:  {"timestamp":"2025-04-24T08:01:48.777Z"}
info: Default markets or items already exist, skipping creation. {"timestamp":"2025-04-24T08:02:21.916Z"}
info: Default locations already exist, skipping creation. {"timestamp":"2025-04-24T08:02:21.920Z"}
info: Server is running on http://localhost:7000 {"timestamp":"2025-04-24T08:02:21.923Z"}
info: Swagger UI is available at http://localhost:7000/api-docs {"timestamp":"2025-04-24T08:02:21.924Z"}
info: Token Status:  {"timestamp":"2025-04-24T08:02:27.951Z"}
info: Token Status:  {"timestamp":"2025-04-24T08:02:28.063Z"}
info: Token Status:  {"timestamp":"2025-04-24T08:02:28.174Z"}
info: Default markets or items already exist, skipping creation. {"timestamp":"2025-04-24T08:04:02.785Z"}
info: Default locations already exist, skipping creation. {"timestamp":"2025-04-24T08:04:02.788Z"}
info: Server is running on http://localhost:7000 {"timestamp":"2025-04-24T08:04:02.791Z"}
info: Swagger UI is available at http://localhost:7000/api-docs {"timestamp":"2025-04-24T08:04:02.792Z"}
info: Default markets or items already exist, skipping creation. {"timestamp":"2025-04-24T08:06:09.438Z"}
info: Default locations already exist, skipping creation. {"timestamp":"2025-04-24T08:06:09.443Z"}
info: Server is running on http://localhost:7000 {"timestamp":"2025-04-24T08:06:09.446Z"}
info: Swagger UI is available at http://localhost:7000/api-docs {"timestamp":"2025-04-24T08:06:09.446Z"}
info: Token Status:  {"timestamp":"2025-04-24T08:08:26.450Z"}
info: Token Status:  {"timestamp":"2025-04-24T08:08:31.740Z"}
info: Token Status:  {"timestamp":"2025-04-24T08:08:35.614Z"}
info: Token Status:  {"timestamp":"2025-04-24T08:08:39.749Z"}
info: Default markets or items already exist, skipping creation. {"timestamp":"2025-04-24T08:08:58.430Z"}
info: Default locations already exist, skipping creation. {"timestamp":"2025-04-24T08:08:58.435Z"}
info: Server is running on http://localhost:7000 {"timestamp":"2025-04-24T08:08:58.439Z"}
info: Swagger UI is available at http://localhost:7000/api-docs {"timestamp":"2025-04-24T08:08:58.439Z"}
info: Token Status:  {"timestamp":"2025-04-24T08:09:13.378Z"}
info: Token Status:  {"timestamp":"2025-04-24T08:09:16.136Z"}
info: Token Status:  {"timestamp":"2025-04-24T08:09:19.809Z"}
info: Token Status:  {"timestamp":"2025-04-24T08:09:19.877Z"}
info: Token Status:  {"timestamp":"2025-04-24T08:09:20.078Z"}
info: listOfItemByMarketId {"timestamp":"2025-04-24T08:09:20.079Z"}
info: Token Status:  {"timestamp":"2025-04-24T08:09:23.961Z"}
info: listOfItemByMarketId {"timestamp":"2025-04-24T08:09:23.961Z"}
info: Token Status:  {"timestamp":"2025-04-24T08:10:01.126Z"}
info: Token Status:  {"timestamp":"2025-04-24T08:10:05.490Z"}
info: Token Status:  {"timestamp":"2025-04-24T08:10:05.657Z"}
info: Token Status:  {"timestamp":"2025-04-24T08:10:12.933Z"}
info: Token Status:  {"timestamp":"2025-04-24T08:29:56.185Z"}
info: Token Status:  {"timestamp":"2025-04-24T08:29:59.576Z"}
info: Token Status:  {"timestamp":"2025-04-24T08:29:59.637Z"}
info: Token Status:  {"timestamp":"2025-04-24T08:29:59.709Z"}
info: listOfItemByMarketId {"timestamp":"2025-04-24T08:29:59.709Z"}
info: Token Status:  {"timestamp":"2025-04-24T08:30:05.750Z"}
info: Token Status:  {"timestamp":"2025-04-24T08:30:06.802Z"}
info: Token Status:  {"timestamp":"2025-04-24T08:30:06.894Z"}
info: Token Status:  {"timestamp":"2025-04-24T08:30:09.344Z"}
info: Token Status:  {"timestamp":"2025-04-24T08:30:09.460Z"}
info: Token Status:  {"timestamp":"2025-04-24T08:30:11.740Z"}
info: Token Status:  {"timestamp":"2025-04-24T08:30:13.320Z"}
info: Token Status:  {"timestamp":"2025-04-24T08:30:13.409Z"}
info: Token Status:  {"timestamp":"2025-04-24T08:30:18.142Z"}
info: Token Status:  {"timestamp":"2025-04-24T08:30:25.453Z"}
info: Default markets or items already exist, skipping creation. {"timestamp":"2025-04-24T09:51:56.602Z"}
info: Default locations already exist, skipping creation. {"timestamp":"2025-04-24T09:51:56.610Z"}
info: Server is running on http://localhost:7000 {"timestamp":"2025-04-24T09:51:56.622Z"}
info: Swagger UI is available at http://localhost:7000/api-docs {"timestamp":"2025-04-24T09:51:56.624Z"}
info: Default markets or items already exist, skipping creation. {"timestamp":"2025-04-24T09:57:26.494Z"}
info: Default locations already exist, skipping creation. {"timestamp":"2025-04-24T09:57:26.498Z"}
info: Server is running on http://localhost:7000 {"timestamp":"2025-04-24T09:57:26.502Z"}
info: Swagger UI is available at http://localhost:7000/api-docs {"timestamp":"2025-04-24T09:57:26.502Z"}
info: Token Status:  {"timestamp":"2025-04-24T10:01:03.797Z"}
info: Token Status:  {"timestamp":"2025-04-24T10:01:06.431Z"}
info: Token Status:  {"timestamp":"2025-04-24T10:01:08.895Z"}
info: Token Status:  {"timestamp":"2025-04-24T10:01:10.997Z"}
info: Token Status:  {"timestamp":"2025-04-24T10:01:12.616Z"}
info: Token Status:  {"timestamp":"2025-04-24T10:01:13.959Z"}
info: Token Status:  {"timestamp":"2025-04-24T10:01:30.698Z"}
info: Token Status:  {"timestamp":"2025-04-24T10:01:39.877Z"}
info: Token Status:  {"timestamp":"2025-04-24T10:01:41.888Z"}
info: Token Status:  {"timestamp":"2025-04-24T10:02:00.226Z"}
info: Token Status:  {"timestamp":"2025-04-24T10:02:02.601Z"}
info: Token Status:  {"timestamp":"2025-04-24T10:02:04.850Z"}
info: Token Status:  {"timestamp":"2025-04-24T10:04:17.732Z"}
info: Token Status:  {"timestamp":"2025-04-24T10:04:24.992Z"}
info: Token Status:  {"timestamp":"2025-04-24T10:05:00.589Z"}
info: Token Status:  {"timestamp":"2025-04-24T10:05:08.115Z"}
info: Token Status:  {"timestamp":"2025-04-24T10:06:46.562Z"}
info: Token Status:  {"timestamp":"2025-04-24T10:07:14.660Z"}
info: Token Status:  {"timestamp":"2025-04-24T10:07:17.961Z"}
info: Token Status:  {"timestamp":"2025-04-24T10:07:20.113Z"}
info: Token Status:  {"timestamp":"2025-04-24T10:07:22.484Z"}
info: Token Status:  {"timestamp":"2025-04-24T10:07:24.675Z"}
info: Token Status:  {"timestamp":"2025-04-24T10:09:18.541Z"}
info: Token Status:  {"timestamp":"2025-04-24T10:09:18.698Z"}
info: Token Status:  {"timestamp":"2025-04-24T10:09:20.552Z"}
info: Token Status:  {"timestamp":"2025-04-24T10:10:41.378Z"}
info: Token Status:  {"timestamp":"2025-04-24T10:10:44.546Z"}
info: Token Status:  {"timestamp":"2025-04-24T10:11:25.488Z"}
info: Token Status:  {"timestamp":"2025-04-24T10:11:45.357Z"}
info: Token Status:  {"timestamp":"2025-04-24T10:13:21.718Z"}
info: Token Status:  {"timestamp":"2025-04-24T10:13:24.541Z"}
info: Token Status:  {"timestamp":"2025-04-24T10:13:44.925Z"}
info: Token Status:  {"timestamp":"2025-04-24T10:13:47.597Z"}
info: Token Status:  {"timestamp":"2025-04-24T10:13:54.379Z"}
info: Token Status:  {"timestamp":"2025-04-24T10:14:25.085Z"}
info: Token Status:  {"timestamp":"2025-04-24T10:16:28.639Z"}
info: Token Status:  {"timestamp":"2025-04-24T10:16:30.146Z"}
info: Token Status:  {"timestamp":"2025-04-24T10:17:18.941Z"}
info: Token Status:  {"timestamp":"2025-04-24T10:18:57.257Z"}
info: Token Status:  {"timestamp":"2025-04-24T10:18:59.612Z"}
info: Token Status:  {"timestamp":"2025-04-24T10:19:01.194Z"}
info: Token Status:  {"timestamp":"2025-04-24T10:19:03.893Z"}
info: Default markets or items already exist, skipping creation. {"timestamp":"2025-04-26T00:12:59.514Z"}
info: Default locations already exist, skipping creation. {"timestamp":"2025-04-26T00:12:59.523Z"}
info: Server is running on http://localhost:7000 {"timestamp":"2025-04-26T00:12:59.540Z"}
info: Swagger UI is available at http://localhost:7000/api-docs {"timestamp":"2025-04-26T00:12:59.541Z"}
info: Token Status:  {"timestamp":"2025-04-26T01:15:24.027Z"}
info: Token Status:  {"timestamp":"2025-04-26T01:15:27.364Z"}
info: Token Status:  {"timestamp":"2025-04-26T01:15:27.648Z"}
info: Token Status:  {"timestamp":"2025-04-26T01:15:30.207Z"}
info: Token Status:  {"timestamp":"2025-04-26T01:15:33.027Z"}
info: Token Status:  {"timestamp":"2025-04-26T01:15:37.500Z"}
info: Token Status:  {"timestamp":"2025-04-26T01:15:45.654Z"}
info: Token Status:  {"timestamp":"2025-04-26T01:15:45.739Z"}
info: Token Status:  {"timestamp":"2025-04-26T01:16:15.884Z"}
info: Token Status:  {"timestamp":"2025-04-26T01:22:26.041Z"}
info: Token Status:  {"timestamp":"2025-04-26T01:22:26.310Z"}
info: Token Status:  {"timestamp":"2025-04-26T01:22:27.416Z"}
info: Token Status:  {"timestamp":"2025-04-26T01:22:27.544Z"}
info: Token Status:  {"timestamp":"2025-04-26T01:22:35.446Z"}
info: Token Status:  {"timestamp":"2025-04-26T01:22:35.680Z"}
info: Token Status:  {"timestamp":"2025-04-26T01:22:38.112Z"}
info: Token Status:  {"timestamp":"2025-04-26T01:22:40.051Z"}
info: Token Status:  {"timestamp":"2025-04-26T01:23:14.450Z"}
info: Token Status:  {"timestamp":"2025-04-26T01:29:40.425Z"}
info: Token Status:  {"timestamp":"2025-04-26T06:43:51.278Z"}
info: Token Status:  {"timestamp":"2025-04-26T06:45:04.558Z"}
info: Token Status:  {"timestamp":"2025-04-26T06:45:06.938Z"}
info: Token Status:  {"timestamp":"2025-04-26T06:47:57.593Z"}
info: Token Status:  {"timestamp":"2025-04-26T06:48:00.878Z"}
info: Token Status:  {"timestamp":"2025-04-26T06:49:36.407Z"}
info: Token Status:  {"timestamp":"2025-04-26T06:51:36.692Z"}
info: Token Status:  {"timestamp":"2025-04-26T06:51:36.984Z"}
info: Token Status:  {"timestamp":"2025-04-26T06:51:50.876Z"}
